<?xml version="1.0" encoding="UTF-8"?>
<!-- Generated by org.testng.reporters.JUnitReportReporter -->
<testsuite hostname="DESKTOP-SR2QAJF" failures="0" tests="3" name="tests.TravelCustomerLoginTest2" time="30.503" errors="0" timestamp="2022-06-04T10:58:20 IST" skipped="0">
  <testcase classname="tests.TravelCustomerLoginTest2" name="travelCustomerLogin2" time="12.227"/>
  <system-out/>
  <testcase classname="tests.TravelCustomerLoginTest2" name="travelCustomerLogin2" time="6.613"/>
  <system-out/>
  <testcase classname="tests.TravelCustomerLoginTest2" name="travelCustomerLogin2" time="11.663"/>
  <system-out/>
</testsuite> <!-- tests.TravelCustomerLoginTest2 -->
