<?xml version="1.0" encoding="UTF-8"?>
<!-- Generated by org.testng.reporters.JUnitReportReporter -->
<testsuite hostname="DESKTOP-SR2QAJF" failures="0" tests="3" name="tests.TravelCustomerLoginTest3" time="25.910" errors="0" timestamp="2022-06-04T10:58:20 IST" skipped="0">
  <testcase classname="tests.TravelCustomerLoginTest3" name="travelCustomerLogin3" time="5.885"/>
  <system-out/>
  <testcase classname="tests.TravelCustomerLoginTest3" name="travelCustomerLogin3" time="7.622"/>
  <system-out/>
  <testcase classname="tests.TravelCustomerLoginTest3" name="travelCustomerLogin3" time="12.403"/>
  <system-out/>
</testsuite> <!-- tests.TravelCustomerLoginTest3 -->
