<?xml version="1.0" encoding="UTF-8"?>
<!-- Generated by org.testng.reporters.JUnitReportReporter -->
<testsuite hostname="DESKTOP-SR2QAJF" failures="0" tests="3" name="tests.TravelCustomerLoginTest3" time="23.238" errors="0" timestamp="2022-06-06T06:38:11 IST" skipped="0">
  <testcase classname="tests.TravelCustomerLoginTest3" name="travelCustomerLogin3" time="6.942"/>
  <system-out/>
  <testcase classname="tests.TravelCustomerLoginTest3" name="travelCustomerLogin3" time="5.635"/>
  <system-out/>
  <testcase classname="tests.TravelCustomerLoginTest3" name="travelCustomerLogin3" time="10.661"/>
  <system-out/>
</testsuite> <!-- tests.TravelCustomerLoginTest3 -->
