<?xml version="1.0" encoding="UTF-8"?>
<!-- Generated by org.testng.reporters.JUnitReportReporter -->
<testsuite hostname="DESKTOP-SR2QAJF" failures="0" tests="3" name="tests.TravelCustomerLoginTest" time="27.252" errors="0" timestamp="2022-06-06T06:38:11 IST" skipped="0">
  <testcase classname="tests.TravelCustomerLoginTest" name="travelCustomerLogin" time="7.814"/>
  <system-out/>
  <testcase classname="tests.TravelCustomerLoginTest" name="travelCustomerLogin" time="12.333"/>
  <system-out/>
  <testcase classname="tests.TravelCustomerLoginTest" name="travelCustomerLogin" time="7.105"/>
  <system-out/>
</testsuite> <!-- tests.TravelCustomerLoginTest -->
