<?xml version="1.0" encoding="UTF-8"?>
<!-- Generated by org.testng.reporters.JUnitReportReporter -->
<testsuite hostname="DESKTOP-SR2QAJF" failures="0" tests="3" name="tests.TravelCustomerLoginTest" time="25.490" errors="0" timestamp="2022-06-04T10:58:20 IST" skipped="0">
  <testcase classname="tests.TravelCustomerLoginTest" name="travelCustomerLogin" time="7.604"/>
  <system-out/>
  <testcase classname="tests.TravelCustomerLoginTest" name="travelCustomerLogin" time="11.328"/>
  <system-out/>
  <testcase classname="tests.TravelCustomerLoginTest" name="travelCustomerLogin" time="6.558"/>
  <system-out/>
</testsuite> <!-- tests.TravelCustomerLoginTest -->
