<?xml version="1.0" encoding="UTF-8"?>
<!-- Generated by org.testng.reporters.JUnitReportReporter -->
<testsuite hostname="DESKTOP-SR2QAJF" failures="0" tests="3" name="tests.TravelCustomerLoginTest2" time="31.159" errors="0" timestamp="2022-06-06T06:38:11 IST" skipped="0">
  <testcase classname="tests.TravelCustomerLoginTest2" name="travelCustomerLogin2" time="7.860"/>
  <system-out/>
  <testcase classname="tests.TravelCustomerLoginTest2" name="travelCustomerLogin2" time="11.674"/>
  <system-out/>
  <testcase classname="tests.TravelCustomerLoginTest2" name="travelCustomerLogin2" time="11.625"/>
  <system-out/>
</testsuite> <!-- tests.TravelCustomerLoginTest2 -->
